[debug] [2020-11-15T15:23:09.272Z] ----------------------------------------------------------------------
[debug] [2020-11-15T15:23:09.275Z] Command:       /usr/local/bin/node /home/civil/.npm-global/bin/firebase deploy
[debug] [2020-11-15T15:23:09.275Z] CLI Version:   8.16.2
[debug] [2020-11-15T15:23:09.275Z] Platform:      linux
[debug] [2020-11-15T15:23:09.275Z] Node Version:  v12.16.1
[debug] [2020-11-15T15:23:09.275Z] Time:          Sun Nov 15 2020 20:53:09 GMT+0530 (India Standard Time)
[debug] [2020-11-15T15:23:09.276Z] ----------------------------------------------------------------------
[debug] [2020-11-15T15:23:09.276Z] 
[debug] [2020-11-15T15:23:09.283Z] > command requires scopes: ["email","openid","https://www.googleapis.com/auth/cloudplatformprojects.readonly","https://www.googleapis.com/auth/firebase","https://www.googleapis.com/auth/cloud-platform"]
[debug] [2020-11-15T15:23:09.283Z] > authorizing via signed-in user
[debug] [2020-11-15T15:23:09.284Z] [iam] checking project cric-liv for permissions ["firebase.projects.get","firebasehosting.sites.update"]
[debug] [2020-11-15T15:23:09.287Z] >>> HTTP REQUEST POST https://cloudresourcemanager.googleapis.com/v1/projects/cric-liv:testIamPermissions  
 {"permissions":["firebase.projects.get","firebasehosting.sites.update"]}
[debug] [2020-11-15T15:23:10.926Z] <<< HTTP RESPONSE 200 {"content-type":"application/json; charset=UTF-8","vary":"X-Origin, Referer, Origin,Accept-Encoding","date":"Sun, 15 Nov 2020 15:23:10 GMT","server":"ESF","cache-control":"private","x-xss-protection":"0","x-frame-options":"SAMEORIGIN","x-content-type-options":"nosniff","server-timing":"gfet4t7; dur=1438","alt-svc":"h3-Q050=\":443\"; ma=2592000,h3-29=\":443\"; ma=2592000,h3-T051=\":443\"; ma=2592000,h3-Q046=\":443\"; ma=2592000,h3-Q043=\":443\"; ma=2592000,quic=\":443\"; ma=2592000; v=\"46,43\"","accept-ranges":"none","transfer-encoding":"chunked"}
[debug] [2020-11-15T15:23:10.929Z] >>> HTTP REQUEST GET https://firebase.googleapis.com/v1beta1/projects/cric-liv  
 
[debug] [2020-11-15T15:23:11.352Z] <<< HTTP RESPONSE 200 {"content-type":"application/json; charset=UTF-8","vary":"X-Origin, Referer, Origin,Accept-Encoding","date":"Sun, 15 Nov 2020 15:23:11 GMT","server":"ESF","cache-control":"private","x-xss-protection":"0","x-frame-options":"SAMEORIGIN","x-content-type-options":"nosniff","alt-svc":"h3-Q050=\":443\"; ma=2592000,h3-29=\":443\"; ma=2592000,h3-T051=\":443\"; ma=2592000,h3-Q046=\":443\"; ma=2592000,h3-Q043=\":443\"; ma=2592000,quic=\":443\"; ma=2592000; v=\"46,43\"","accept-ranges":"none","transfer-encoding":"chunked"}
[info] 
[info] === Deploying to 'cric-liv'...
[info] 
[info] i  deploying hosting 
[debug] [2020-11-15T15:23:11.364Z] >>> HTTP REQUEST POST https://firebasehosting.googleapis.com/v1beta1/sites/cric-liv/versions  
 {"config":{"rewrites":[{"glob":"**","path":"/index.html"}]},"labels":{"deployment-tool":"cli-firebase"}}
[debug] [2020-11-15T15:23:13.467Z] <<< HTTP RESPONSE 200 {"content-type":"application/json; charset=UTF-8","vary":"X-Origin, Referer, Origin,Accept-Encoding","date":"Sun, 15 Nov 2020 15:23:13 GMT","server":"ESF","cache-control":"private","x-xss-protection":"0","x-frame-options":"SAMEORIGIN","x-content-type-options":"nosniff","alt-svc":"h3-Q050=\":443\"; ma=2592000,h3-29=\":443\"; ma=2592000,h3-T051=\":443\"; ma=2592000,h3-Q046=\":443\"; ma=2592000,h3-Q043=\":443\"; ma=2592000,quic=\":443\"; ma=2592000; v=\"46,43\"","accept-ranges":"none","transfer-encoding":"chunked"}
[info] i  hosting[cric-liv]: beginning deploy... 
[info] i  hosting[cric-liv]: found 18 files in build 
[debug] [2020-11-15T15:23:13.788Z] [hosting] hash cache [YnVpbGQ] stored for 18 files
[debug] [2020-11-15T15:23:13.790Z] [hosting][hash queue][FINAL] {"max":275,"min":14,"avg":30.72222222222222,"active":0,"complete":18,"success":18,"errored":0,"retried":0,"total":18,"elapsed":299}
[debug] [2020-11-15T15:23:13.791Z] >>> HTTP REQUEST POST https://firebasehosting.googleapis.com/v1beta1/sites/cric-liv/versions/73203f68841c3b85:populateFiles  
 <request body omitted>
[debug] [2020-11-15T15:23:15.601Z] <<< HTTP RESPONSE 200 {"content-type":"application/json; charset=UTF-8","vary":"X-Origin, Referer, Origin,Accept-Encoding","date":"Sun, 15 Nov 2020 15:23:15 GMT","server":"ESF","cache-control":"private","x-xss-protection":"0","x-frame-options":"SAMEORIGIN","x-content-type-options":"nosniff","alt-svc":"h3-Q050=\":443\"; ma=2592000,h3-29=\":443\"; ma=2592000,h3-T051=\":443\"; ma=2592000,h3-Q046=\":443\"; ma=2592000,h3-Q043=\":443\"; ma=2592000,quic=\":443\"; ma=2592000; v=\"46,43\"","accept-ranges":"none","transfer-encoding":"chunked"}
[debug] [2020-11-15T15:23:15.611Z] [hosting][populate queue][FINAL] {"max":1833,"min":1833,"avg":1833,"active":0,"complete":1,"success":1,"errored":0,"retried":0,"total":1,"elapsed":1839}
[debug] [2020-11-15T15:23:15.611Z] [hosting] uploads queued: 4
[debug] [2020-11-15T15:23:17.523Z] [hosting][upload queue][FINAL] {"max":1919,"min":1847,"avg":1868.75,"active":0,"complete":4,"success":4,"errored":0,"retried":0,"total":4,"elapsed":1920}
[info] ✔  hosting[cric-liv]: file upload complete 
[debug] [2020-11-15T15:23:17.526Z] [hosting] deploy completed after 4054ms
[debug] [2020-11-15T15:23:17.708Z] [
  {
    "config": {
      "public": "build",
      "ignore": [
        "firebase.json",
        "**/.*",
        "**/node_modules/**"
      ],
      "rewrites": [
        {
          "source": "**",
          "destination": "/index.html"
        }
      ],
      "site": "cric-liv"
    },
    "site": "cric-liv",
    "version": "sites/cric-liv/versions/73203f68841c3b85"
  }
]
[info] i  hosting[cric-liv]: finalizing version... 
[debug] [2020-11-15T15:23:17.712Z] >>> HTTP REQUEST PATCH https://firebasehosting.googleapis.com/v1beta1/sites/cric-liv/versions/73203f68841c3b85?updateMask=status  
 {"status":"FINALIZED"}
[debug] [2020-11-15T15:23:19.580Z] <<< HTTP RESPONSE 200 {"content-type":"application/json; charset=UTF-8","vary":"X-Origin, Referer, Origin,Accept-Encoding","date":"Sun, 15 Nov 2020 15:23:19 GMT","server":"ESF","cache-control":"private","x-xss-protection":"0","x-frame-options":"SAMEORIGIN","x-content-type-options":"nosniff","alt-svc":"h3-Q050=\":443\"; ma=2592000,h3-29=\":443\"; ma=2592000,h3-T051=\":443\"; ma=2592000,h3-Q046=\":443\"; ma=2592000,h3-Q043=\":443\"; ma=2592000,quic=\":443\"; ma=2592000; v=\"46,43\"","accept-ranges":"none","transfer-encoding":"chunked"}
[debug] [2020-11-15T15:23:19.582Z] [hosting] finalized version for cric-liv: {"name":"sites/cric-liv/versions/73203f68841c3b85","status":"FINALIZED","config":{"rewrites":[{"glob":"**","path":"/index.html"}]},"labels":{"deployment-tool":"cli-firebase"},"createTime":"2020-11-15T15:23:13.042949Z","createUser":{"email":"stephinreji8860@gmail.com"},"finalizeTime":"2020-11-15T15:23:19.343074Z","finalizeUser":{"email":"stephinreji8860@gmail.com"}}
[info] ✔  hosting[cric-liv]: version finalized 
[info] i  hosting[cric-liv]: releasing new version... 
[debug] [2020-11-15T15:23:19.585Z] >>> HTTP REQUEST POST https://firebasehosting.googleapis.com/v1beta1/sites/cric-liv/releases?version_name=sites/cric-liv/versions/73203f68841c3b85  
 {"message":null}
